C51 COMPILER V9.01   01                                                                    01/14/2017 17:51:50 PAGE 1   


C51 COMPILER V9.01, COMPILATION OF MODULE 01
OBJECT MODULE PLACED IN 01.OBJ
COMPILER INVOKED BY: D:\Program Files\keil\C51\BIN\C51.EXE 01.c BROWSE DEBUG OBJECTEXTEND

line level    source

   1          #include<reg52.h>
   2          #include "Nixie.h"
   3          sbit Sd = P1^0;
   4          void main(){
   5   1              while(1){
   6   2                      if(Sd == 0)     Shuma_Display(wei[7],shu[0]);
   7   2                      else        Shuma_Display(wei[7],shu[1]);
   8   2      
   9   2              }
  10   1      }


MODULE INFORMATION:   STATIC OVERLAYABLE
   CODE SIZE        =     56    ----
   CONSTANT SIZE    =     19    ----
   XDATA SIZE       =   ----    ----
   PDATA SIZE       =   ----    ----
   DATA SIZE        =   ----    ----
   IDATA SIZE       =   ----    ----
   BIT SIZE         =   ----    ----
END OF MODULE INFORMATION.


C51 COMPILATION COMPLETE.  0 WARNING(S),  0 ERROR(S)
